#
# There is insufficient memory for the Java Runtime Environment to continue.
# Native memory allocation (malloc) failed to allocate 32744 bytes for Chunk::new
# Possible reasons:
#   The system is out of physical RAM or swap space
#   The process is running with CompressedOops enabled, and the Java Heap may be blocking the growth of the native heap
# Possible solutions:
#   Reduce memory load on the system
#   Increase physical memory or swap space
#   Check if swap backing store is full
#   Decrease Java heap size (-Xmx/-Xms)
#   Decrease number of Java threads
#   Decrease Java thread stack sizes (-Xss)
#   Set larger code cache with -XX:ReservedCodeCacheSize=
#   JVM is running with Unscaled Compressed Oops mode in which the Java heap is
#     placed in the first 4GB address space. The Java Heap base address is the
#     maximum limit for the native heap growth. Please use -XX:HeapBaseMinAddress
#     to set the Java Heap base and to place the Java Heap above 4GB virtual address.
# This output file may be truncated or incomplete.
#
#  Out of Memory Error (arena.cpp:168), pid=8576, tid=13628
#
# JRE version: Java(TM) SE Runtime Environment (21.0.7+8) (build 21.0.7+8-LTS-245)
# Java VM: Java HotSpot(TM) 64-Bit Server VM (21.0.7+8-LTS-245, mixed mode, sharing, tiered, compressed oops, compressed class ptrs, g1 gc, windows-amd64)
# No core dump will be written. Minidumps are not enabled by default on client versions of Windows
#

---------------  S U M M A R Y ------------

Command Line: -javaagent:C:\Program Files\JetBrains\IntelliJ IDEA Community Edition 2025.1.3\lib\idea_rt.jar=60465 -Dfile.encoding=UTF-8 -Dsun.stdout.encoding=UTF-8 -Dsun.stderr.encoding=UTF-8 com.hms.eureka_server.EurekaServerApplication

Host: Intel(R) Core(TM) i5-8250U CPU @ 1.60GHz, 8 cores, 7G,  Windows 10 , 64 bit Build 19041 (10.0.19041.7181)
Time: Sun May 10 18:16:12 2026 India Standard Time elapsed time: 259.242392 seconds (0d 0h 4m 19s)

---------------  T H R E A D  ---------------

Current thread (0x0000021877155660):  JavaThread "C2 CompilerThread0" daemon [_thread_in_native, id=13628, stack(0x000000d6a9200000,0x000000d6a9300000) (1024K)]


Current CompileTask:
C2: 259242 7922   !   4       org.springframework.boot.context.properties.source.SpringConfigurationPropertySource::getConfigurationProperty (116 bytes)

Stack: [0x000000d6a9200000,0x000000d6a9300000]
Native frames: (J=compiled Java code, j=interpreted, Vv=VM code, C=native code)
V  [jvm.dll+0x6cae19]
V  [jvm.dll+0x855741]
V  [jvm.dll+0x857c6e]
V  [jvm.dll+0x858343]
V  [jvm.dll+0x27e0b6]
V  [jvm.dll+0xc4ecd]
V  [jvm.dll+0xc5403]
V  [jvm.dll+0x6a6afd]
V  [jvm.dll+0x60cb1d]
V  [jvm.dll+0x60c240]
V  [jvm.dll+0x60c06a]
V  [jvm.dll+0x5f6193]
V  [jvm.dll+0x24fbc2]
V  [jvm.dll+0x24852f]
V  [jvm.dll+0x246004]
V  [jvm.dll+0x1c6efe]
V  [jvm.dll+0x255819]
V  [jvm.dll+0x253daa]
V  [jvm.dll+0x3eebb6]
V  [jvm.dll+0x7ffa1b]
V  [jvm.dll+0x6c94fd]
C  [ucrtbase.dll+0x21bb2]
C  [KERNEL32.DLL+0x17374]
C  [ntdll.dll+0x4cc91]


---------------  P R O C E S S  ---------------

Threads class SMR info:
_java_thread_list=0x000002187e757860, length=59, elements={
0x000002187713f8e0, 0x00000218771464c0, 0x0000021877146f10, 0x0000021877147960,
0x00000218771483b0, 0x0000021877148e00, 0x0000021877155660, 0x0000021877156370,
0x00000218771141a0, 0x000002187746a6e0, 0x00000218776ea630, 0x000002187e3d6340,
0x000002187df2e880, 0x000002187e38d020, 0x000002187dc56cd0, 0x000002187dc57360,
0x000002187dc55fb0, 0x000002187dc579f0, 0x000002187dc56640, 0x000002187dc58da0,
0x000002187dc58080, 0x000002187dc58710, 0x000002187dc59430, 0x000002187e0694e0,
0x000002187e06af20, 0x000002187e06dd10, 0x000002187e06c2d0, 0x000002187e068e50,
0x000002187e06b5b0, 0x000002187e069b70, 0x000002187e06bc40, 0x000002187e06a200,
0x000002187e06e3a0, 0x000002187e068130, 0x000002187e0687c0, 0x000002187e067aa0,
0x000002187e06ea30, 0x000002187e06f0c0, 0x000002187e06d680, 0x000002187e06c960,
0x000002187e06a890, 0x000002187e06cff0, 0x000002187db45ed0, 0x000002187db451b0,
0x000002187db46bf0, 0x000002187db44490, 0x000002187db43770, 0x000002187db41010,
0x000002187db44b20, 0x000002187db41d30, 0x000002187db42a50, 0x000002187db423c0,
0x000002187db416a0, 0x000002187db3fc60, 0x000002187db47280, 0x000002187db402f0,
0x000002187db43e00, 0x000002187db40980, 0x000002187db45840
}

Java Threads: ( => current thread )
  0x000002187713f8e0 JavaThread "Reference Handler"          daemon [_thread_blocked, id=4024, stack(0x000000d6a8c00000,0x000000d6a8d00000) (1024K)]
  0x00000218771464c0 JavaThread "Finalizer"                  daemon [_thread_blocked, id=9892, stack(0x000000d6a8d00000,0x000000d6a8e00000) (1024K)]
  0x0000021877146f10 JavaThread "Signal Dispatcher"          daemon [_thread_blocked, id=11516, stack(0x000000d6a8e00000,0x000000d6a8f00000) (1024K)]
  0x0000021877147960 JavaThread "Attach Listener"            daemon [_thread_blocked, id=14980, stack(0x000000d6a8f00000,0x000000d6a9000000) (1024K)]
  0x00000218771483b0 JavaThread "Service Thread"             daemon [_thread_blocked, id=17284, stack(0x000000d6a9000000,0x000000d6a9100000) (1024K)]
  0x0000021877148e00 JavaThread "Monitor Deflation Thread"   daemon [_thread_blocked, id=11732, stack(0x000000d6a9100000,0x000000d6a9200000) (1024K)]
=>0x0000021877155660 JavaThread "C2 CompilerThread0"         daemon [_thread_in_native, id=13628, stack(0x000000d6a9200000,0x000000d6a9300000) (1024K)]
  0x0000021877156370 JavaThread "C1 CompilerThread0"         daemon [_thread_blocked, id=6040, stack(0x000000d6a9300000,0x000000d6a9400000) (1024K)]
  0x00000218771141a0 JavaThread "Common-Cleaner"             daemon [_thread_blocked, id=14384, stack(0x000000d6a9400000,0x000000d6a9500000) (1024K)]
  0x000002187746a6e0 JavaThread "Monitor Ctrl-Break"         daemon [_thread_in_native, id=2440, stack(0x000000d6a9500000,0x000000d6a9600000) (1024K)]
  0x00000218776ea630 JavaThread "Notification Thread"        daemon [_thread_blocked, id=21120, stack(0x000000d6a9600000,0x000000d6a9700000) (1024K)]
  0x000002187e3d6340 JavaThread "Catalina-utility-1"                [_thread_blocked, id=5496, stack(0x000000d6a9e00000,0x000000d6a9f00000) (1024K)]
  0x000002187df2e880 JavaThread "Catalina-utility-2"                [_thread_blocked, id=18960, stack(0x000000d6a9f00000,0x000000d6aa000000) (1024K)]
  0x000002187e38d020 JavaThread "container-0"                       [_thread_blocked, id=21288, stack(0x000000d6aa100000,0x000000d6aa200000) (1024K)]
  0x000002187dc56cd0 JavaThread "spectator-gauge-polling-0"  daemon [_thread_blocked, id=21976, stack(0x000000d6aa300000,0x000000d6aa400000) (1024K)]
  0x000002187dc57360 JavaThread "Eureka-DeltaRetentionTimer" daemon [_thread_blocked, id=14600, stack(0x000000d6aa400000,0x000000d6aa500000) (1024K)]
  0x000002187dc55fb0 JavaThread "Eureka-EvictionTimer"       daemon [_thread_blocked, id=8676, stack(0x000000d6aa500000,0x000000d6aa600000) (1024K)]
  0x000002187dc579f0 JavaThread "Eureka-MeasureRateTimer"    daemon [_thread_blocked, id=3632, stack(0x000000d6aa600000,0x000000d6aa700000) (1024K)]
  0x000002187dc56640 JavaThread "ReplicaAwareInstanceRegistry - RenewalThresholdUpdater" daemon [_thread_blocked, id=22540, stack(0x000000d6aa700000,0x000000d6aa800000) (1024K)]
  0x000002187dc58da0 JavaThread "Eureka-MeasureRateTimer"    daemon [_thread_blocked, id=10120, stack(0x000000d6aa800000,0x000000d6aa900000) (1024K)]
  0x000002187dc58080 JavaThread "Eureka-Jersey3Client-Conn-Cleaner2" daemon [_thread_blocked, id=16572, stack(0x000000d6aa900000,0x000000d6aaa00000) (1024K)]
  0x000002187dc58710 JavaThread "TaskAcceptor-target_localhost" daemon [_thread_blocked, id=9592, stack(0x000000d6aaa00000,0x000000d6aab00000) (1024K)]
  0x000002187dc59430 JavaThread "TaskBatchingWorker-target_localhost-0" daemon [_thread_blocked, id=18444, stack(0x000000d6aab00000,0x000000d6aac00000) (1024K)]
  0x000002187e0694e0 JavaThread "TaskBatchingWorker-target_localhost-1" daemon [_thread_blocked, id=17232, stack(0x000000d6aac00000,0x000000d6aad00000) (1024K)]
  0x000002187e06af20 JavaThread "TaskBatchingWorker-target_localhost-2" daemon [_thread_blocked, id=11916, stack(0x000000d6aad00000,0x000000d6aae00000) (1024K)]
  0x000002187e06dd10 JavaThread "TaskBatchingWorker-target_localhost-3" daemon [_thread_blocked, id=6996, stack(0x000000d6aae00000,0x000000d6aaf00000) (1024K)]
  0x000002187e06c2d0 JavaThread "TaskBatchingWorker-target_localhost-4" daemon [_thread_blocked, id=1216, stack(0x000000d6aaf00000,0x000000d6ab000000) (1024K)]
  0x000002187e068e50 JavaThread "TaskBatchingWorker-target_localhost-5" daemon [_thread_blocked, id=16492, stack(0x000000d6ab000000,0x000000d6ab100000) (1024K)]
  0x000002187e06b5b0 JavaThread "TaskBatchingWorker-target_localhost-6" daemon [_thread_blocked, id=14300, stack(0x000000d6ab100000,0x000000d6ab200000) (1024K)]
  0x000002187e069b70 JavaThread "TaskBatchingWorker-target_localhost-7" daemon [_thread_blocked, id=21260, stack(0x000000d6ab200000,0x000000d6ab300000) (1024K)]
  0x000002187e06bc40 JavaThread "TaskBatchingWorker-target_localhost-8" daemon [_thread_blocked, id=19736, stack(0x000000d6ab300000,0x000000d6ab400000) (1024K)]
  0x000002187e06a200 JavaThread "TaskBatchingWorker-target_localhost-9" daemon [_thread_blocked, id=4508, stack(0x000000d6ab400000,0x000000d6ab500000) (1024K)]
  0x000002187e06e3a0 JavaThread "TaskBatchingWorker-target_localhost-10" daemon [_thread_blocked, id=1008, stack(0x000000d6ab500000,0x000000d6ab600000) (1024K)]
  0x000002187e068130 JavaThread "TaskBatchingWorker-target_localhost-11" daemon [_thread_blocked, id=16288, stack(0x000000d6ab600000,0x000000d6ab700000) (1024K)]
  0x000002187e0687c0 JavaThread "TaskBatchingWorker-target_localhost-12" daemon [_thread_blocked, id=20696, stack(0x000000d6ab700000,0x000000d6ab800000) (1024K)]
  0x000002187e067aa0 JavaThread "TaskBatchingWorker-target_localhost-13" daemon [_thread_blocked, id=20036, stack(0x000000d6ab800000,0x000000d6ab900000) (1024K)]
  0x000002187e06ea30 JavaThread "TaskBatchingWorker-target_localhost-14" daemon [_thread_blocked, id=3880, stack(0x000000d6ab900000,0x000000d6aba00000) (1024K)]
  0x000002187e06f0c0 JavaThread "TaskBatchingWorker-target_localhost-15" daemon [_thread_blocked, id=23408, stack(0x000000d6aba00000,0x000000d6abb00000) (1024K)]
  0x000002187e06d680 JavaThread "TaskBatchingWorker-target_localhost-16" daemon [_thread_blocked, id=23404, stack(0x000000d6abb00000,0x000000d6abc00000) (1024K)]
  0x000002187e06c960 JavaThread "TaskBatchingWorker-target_localhost-17" daemon [_thread_blocked, id=21948, stack(0x000000d6abc00000,0x000000d6abd00000) (1024K)]
  0x000002187e06a890 JavaThread "TaskBatchingWorker-target_localhost-18" daemon [_thread_blocked, id=944, stack(0x000000d6abd00000,0x000000d6abe00000) (1024K)]
  0x000002187e06cff0 JavaThread "TaskBatchingWorker-target_localhost-19" daemon [_thread_blocked, id=10140, stack(0x000000d6abe00000,0x000000d6abf00000) (1024K)]
  0x000002187db45ed0 JavaThread "TaskAcceptor-localhost"     daemon [_thread_blocked, id=22812, stack(0x000000d6abf00000,0x000000d6ac000000) (1024K)]
  0x000002187db451b0 JavaThread "TaskNonBatchingWorker-localhost-0" daemon [_thread_blocked, id=9496, stack(0x000000d6ac000000,0x000000d6ac100000) (1024K)]
  0x000002187db46bf0 JavaThread "Eureka-PeerNodesUpdater"    daemon [_thread_blocked, id=20400, stack(0x000000d6ac100000,0x000000d6ac200000) (1024K)]
  0x000002187db44490 JavaThread "Eureka-CacheFillTimer"      daemon [_thread_blocked, id=18924, stack(0x000000d6ac200000,0x000000d6ac300000) (1024K)]
  0x000002187db43770 JavaThread "http-nio-8761-exec-1"       daemon [_thread_blocked, id=22336, stack(0x000000d6ac400000,0x000000d6ac500000) (1024K)]
  0x000002187db41010 JavaThread "http-nio-8761-exec-2"       daemon [_thread_blocked, id=21056, stack(0x000000d6ac500000,0x000000d6ac600000) (1024K)]
  0x000002187db44b20 JavaThread "http-nio-8761-exec-3"       daemon [_thread_blocked, id=21492, stack(0x000000d6ac600000,0x000000d6ac700000) (1024K)]
  0x000002187db41d30 JavaThread "http-nio-8761-exec-4"       daemon [_thread_blocked, id=9728, stack(0x000000d6ac700000,0x000000d6ac800000) (1024K)]
  0x000002187db42a50 JavaThread "http-nio-8761-exec-5"       daemon [_thread_blocked, id=17084, stack(0x000000d6ac800000,0x000000d6ac900000) (1024K)]
  0x000002187db423c0 JavaThread "http-nio-8761-exec-6"       daemon [_thread_blocked, id=12136, stack(0x000000d6ac900000,0x000000d6aca00000) (1024K)]
  0x000002187db416a0 JavaThread "http-nio-8761-exec-7"       daemon [_thread_blocked, id=19876, stack(0x000000d6aca00000,0x000000d6acb00000) (1024K)]
  0x000002187db3fc60 JavaThread "http-nio-8761-exec-8"       daemon [_thread_blocked, id=14240, stack(0x000000d6acb00000,0x000000d6acc00000) (1024K)]
  0x000002187db47280 JavaThread "http-nio-8761-exec-9"       daemon [_thread_blocked, id=7560, stack(0x000000d6acc00000,0x000000d6acd00000) (1024K)]
  0x000002187db402f0 JavaThread "http-nio-8761-exec-10"      daemon [_thread_blocked, id=3416, stack(0x000000d6acd00000,0x000000d6ace00000) (1024K)]
  0x000002187db43e00 JavaThread "http-nio-8761-Poller"       daemon [_thread_in_native, id=17680, stack(0x000000d6ac300000,0x000000d6ac400000) (1024K)]
  0x000002187db40980 JavaThread "http-nio-8761-Acceptor"     daemon [_thread_in_native, id=1896, stack(0x000000d6ace00000,0x000000d6acf00000) (1024K)]
  0x000002187db45840 JavaThread "DestroyJavaVM"                     [_thread_blocked, id=9596, stack(0x000000d6a8400000,0x000000d6a8500000) (1024K)]
Total: 59

Other Threads:
  0x00000218771254b0 VMThread "VM Thread"                           [id=2504, stack(0x000000d6a8b00000,0x000000d6a8c00000) (1024K)]
  0x00000218771133b0 WatcherThread "VM Periodic Task Thread"        [id=8304, stack(0x000000d6a8a00000,0x000000d6a8b00000) (1024K)]
  0x0000021869841c10 WorkerThread "GC Thread#0"                     [id=20784, stack(0x000000d6a8500000,0x000000d6a8600000) (1024K)]
  0x0000021877e68ec0 WorkerThread "GC Thread#1"                     [id=19716, stack(0x000000d6a9700000,0x000000d6a9800000) (1024K)]
  0x000002187c456280 WorkerThread "GC Thread#2"                     [id=3288, stack(0x000000d6a9800000,0x000000d6a9900000) (1024K)]
  0x000002187c472f40 WorkerThread "GC Thread#3"                     [id=21628, stack(0x000000d6a9900000,0x000000d6a9a00000) (1024K)]
  0x0000021877d81d90 WorkerThread "GC Thread#4"                     [id=11728, stack(0x000000d6a9a00000,0x000000d6a9b00000) (1024K)]
  0x0000021877d82130 WorkerThread "GC Thread#5"                     [id=16552, stack(0x000000d6a9b00000,0x000000d6a9c00000) (1024K)]
  0x000002187c37e0f0 WorkerThread "GC Thread#6"                     [id=9176, stack(0x000000d6a9c00000,0x000000d6a9d00000) (1024K)]
  0x000002187c37f930 WorkerThread "GC Thread#7"                     [id=6408, stack(0x000000d6a9d00000,0x000000d6a9e00000) (1024K)]
  0x0000021869854790 ConcurrentGCThread "G1 Main Marker"            [id=4604, stack(0x000000d6a8600000,0x000000d6a8700000) (1024K)]
  0x0000021869855840 WorkerThread "G1 Conc#0"                       [id=20764, stack(0x000000d6a8700000,0x000000d6a8800000) (1024K)]
  0x000002187cb73e30 WorkerThread "G1 Conc#1"                       [id=12944, stack(0x000000d6aa000000,0x000000d6aa100000) (1024K)]
  0x0000021876fdf150 ConcurrentGCThread "G1 Refine#0"               [id=12500, stack(0x000000d6a8800000,0x000000d6a8900000) (1024K)]
  0x0000021876fdfad0 ConcurrentGCThread "G1 Service"                [id=13472, stack(0x000000d6a8900000,0x000000d6a8a00000) (1024K)]
Total: 15

Threads with active compile tasks:
C2 CompilerThread0   259299 7922   !   4       org.springframework.boot.context.properties.source.SpringConfigurationPropertySource::getConfigurationProperty (116 bytes)
Total: 1

VM state: not at safepoint (normal execution)

VM Mutex/Monitor currently owned by a thread: None

Heap address: 0x0000000082600000, size: 2010 MB, Compressed Oops mode: 32-bit

CDS archive(s) mapped at: [0x000002180f000000-0x000002180fc90000-0x000002180fc90000), size 13172736, SharedBaseAddress: 0x000002180f000000, ArchiveRelocationMode: 1.
Compressed class space mapped at: 0x0000021810000000-0x0000021850000000, reserved size: 1073741824
Narrow klass base: 0x000002180f000000, Narrow klass shift: 0, Narrow klass range: 0x100000000

GC Precious Log:
 CardTable entry size: 512
 Card Set container configuration: InlinePtr #cards 5 size 8 Array Of Cards #cards 12 size 40 Howl #buckets 4 coarsen threshold 1843 Howl Bitmap #cards 512 size 80 coarsen threshold 460 Card regions per heap region 1 cards per card region 2048
 CPUs: 8 total, 8 available
 Memory: 8035M
 Large Page Support: Disabled
 NUMA Support: Disabled
 Compressed Oops: Enabled (32-bit)
 Heap Region Size: 1M
 Heap Min Capacity: 8M
 Heap Initial Capacity: 126M
 Heap Max Capacity: 2010M
 Pre-touch: Disabled
 Parallel Workers: 8
 Concurrent Workers: 2
 Concurrent Refinement Workers: 8
 Periodic GC: Disabled

Heap:
 garbage-first heap   total 79872K, used 45825K [0x0000000082600000, 0x0000000100000000)
  region size 1024K, 7 young (7168K), 4 survivors (4096K)
 Metaspace       used 66018K, committed 66880K, reserved 1114112K
  class space    used 8501K, committed 8896K, reserved 1048576K

Heap Regions: E=young(eden), S=young(survivor), O=old, HS=humongous(starts), HC=humongous(continues), CS=collection set, F=free, TAMS=top-at-mark-start, PB=parsable bottom
|   0|0x0000000082600000, 0x0000000082700000, 0x0000000082700000|100%|HS|  |TAMS 0x0000000082600000| PB 0x0000000082600000| Complete 
|   1|0x0000000082700000, 0x0000000082800000, 0x0000000082800000|100%| O|  |TAMS 0x0000000082700000| PB 0x0000000082700000| Untracked 
|   2|0x0000000082800000, 0x0000000082900000, 0x0000000082900000|100%| O|  |TAMS 0x0000000082800000| PB 0x0000000082800000| Untracked 
|   3|0x0000000082900000, 0x0000000082a00000, 0x0000000082a00000|100%| O|  |TAMS 0x0000000082900000| PB 0x0000000082900000| Untracked 
|   4|0x0000000082a00000, 0x0000000082b00000, 0x0000000082b00000|100%| O|  |TAMS 0x0000000082a00000| PB 0x0000000082a00000| Untracked 
|   5|0x0000000082b00000, 0x0000000082c00000, 0x0000000082c00000|100%| O|  |TAMS 0x0000000082b00000| PB 0x0000000082b00000| Untracked 
|   6|0x0000000082c00000, 0x0000000082d00000, 0x0000000082d00000|100%| O|  |TAMS 0x0000000082c00000| PB 0x0000000082c00000| Untracked 
|   7|0x0000000082d00000, 0x0000000082e00000, 0x0000000082e00000|100%| O|  |TAMS 0x0000000082d00000| PB 0x0000000082d00000| Untracked 
|   8|0x0000000082e00000, 0x0000000082f00000, 0x0000000082f00000|100%| O|  |TAMS 0x0000000082e00000| PB 0x0000000082e00000| Untracked 
|   9|0x0000000082f00000, 0x0000000083000000, 0x0000000083000000|100%| O|  |TAMS 0x0000000082f00000| PB 0x0000000082f00000| Untracked 
|  10|0x0000000083000000, 0x0000000083100000, 0x0000000083100000|100%| O|  |TAMS 0x0000000083000000| PB 0x0000000083000000| Untracked 
|  11|0x0000000083100000, 0x0000000083200000, 0x0000000083200000|100%| O|  |TAMS 0x0000000083100000| PB 0x0000000083100000| Untracked 
|  12|0x0000000083200000, 0x0000000083300000, 0x0000000083300000|100%| O|  |TAMS 0x0000000083200000| PB 0x0000000083200000| Untracked 
|  13|0x0000000083300000, 0x0000000083400000, 0x0000000083400000|100%| O|  |TAMS 0x0000000083300000| PB 0x0000000083300000| Untracked 
|  14|0x0000000083400000, 0x0000000083500000, 0x0000000083500000|100%| O|  |TAMS 0x0000000083400000| PB 0x0000000083400000| Untracked 
|  15|0x0000000083500000, 0x0000000083600000, 0x0000000083600000|100%| O|  |TAMS 0x0000000083500000| PB 0x0000000083500000| Untracked 
|  16|0x0000000083600000, 0x0000000083700000, 0x0000000083700000|100%| O|  |TAMS 0x0000000083600000| PB 0x0000000083600000| Untracked 
|  17|0x0000000083700000, 0x0000000083800000, 0x0000000083800000|100%| O|  |TAMS 0x0000000083700000| PB 0x0000000083700000| Untracked 
|  18|0x0000000083800000, 0x0000000083900000, 0x0000000083900000|100%| O|  |TAMS 0x0000000083800000| PB 0x0000000083800000| Untracked 
|  19|0x0000000083900000, 0x0000000083a00000, 0x0000000083a00000|100%| O|  |TAMS 0x0000000083900000| PB 0x0000000083900000| Untracked 
|  20|0x0000000083a00000, 0x0000000083b00000, 0x0000000083b00000|100%| O|  |TAMS 0x0000000083a00000| PB 0x0000000083a00000| Untracked 
|  21|0x0000000083b00000, 0x0000000083c00000, 0x0000000083c00000|100%| O|Cm|TAMS 0x0000000083b00000| PB 0x0000000083b00000| Complete 
|  22|0x0000000083c00000, 0x0000000083d00000, 0x0000000083d00000|100%| O|  |TAMS 0x0000000083c00000| PB 0x0000000083c00000| Untracked 
|  23|0x0000000083d00000, 0x0000000083e00000, 0x0000000083e00000|100%| O|Cm|TAMS 0x0000000083d00000| PB 0x0000000083d00000| Complete 
|  24|0x0000000083e00000, 0x0000000083f00000, 0x0000000083f00000|100%| O|  |TAMS 0x0000000083e00000| PB 0x0000000083e00000| Untracked 
|  25|0x0000000083f00000, 0x0000000084000000, 0x0000000084000000|100%| O|  |TAMS 0x0000000083f00000| PB 0x0000000083f00000| Untracked 
|  26|0x0000000084000000, 0x0000000084100000, 0x0000000084100000|100%| O|  |TAMS 0x0000000084000000| PB 0x0000000084000000| Untracked 
|  27|0x0000000084100000, 0x0000000084200000, 0x0000000084200000|100%| O|  |TAMS 0x0000000084100000| PB 0x0000000084100000| Untracked 
|  28|0x0000000084200000, 0x0000000084300000, 0x0000000084300000|100%| O|  |TAMS 0x0000000084200000| PB 0x0000000084200000| Untracked 
|  29|0x0000000084300000, 0x0000000084400000, 0x0000000084400000|100%| O|  |TAMS 0x0000000084300000| PB 0x0000000084300000| Untracked 
|  30|0x0000000084400000, 0x0000000084500000, 0x0000000084500000|100%| O|  |TAMS 0x0000000084400000| PB 0x0000000084400000| Untracked 
|  31|0x0000000084500000, 0x0000000084600000, 0x0000000084600000|100%| O|  |TAMS 0x0000000084500000| PB 0x0000000084500000| Untracked 
|  32|0x0000000084600000, 0x0000000084700000, 0x0000000084700000|100%| O|  |TAMS 0x0000000084600000| PB 0x0000000084600000| Untracked 
|  33|0x0000000084700000, 0x0000000084800000, 0x0000000084800000|100%| O|  |TAMS 0x0000000084700000| PB 0x0000000084700000| Untracked 
|  34|0x0000000084800000, 0x0000000084900000, 0x0000000084900000|100%| O|  |TAMS 0x0000000084800000| PB 0x0000000084800000| Untracked 
|  35|0x0000000084900000, 0x0000000084a00000, 0x0000000084a00000|100%| O|  |TAMS 0x0000000084900000| PB 0x0000000084900000| Untracked 
|  36|0x0000000084a00000, 0x0000000084a20ab0, 0x0000000084b00000| 12%| O|  |TAMS 0x0000000084a00000| PB 0x0000000084a00000| Untracked 
|  37|0x0000000084b00000, 0x0000000084b00000, 0x0000000084c00000|  0%| F|  |TAMS 0x0000000084b00000| PB 0x0000000084b00000| Untracked 
|  38|0x0000000084c00000, 0x0000000084d00000, 0x0000000084d00000|100%| O|  |TAMS 0x0000000084c00000| PB 0x0000000084c00000| Untracked 
|  39|0x0000000084d00000, 0x0000000084e00000, 0x0000000084e00000|100%| O|  |TAMS 0x0000000084d00000| PB 0x0000000084d00000| Untracked 
|  40|0x0000000084e00000, 0x0000000084e00000, 0x0000000084f00000|  0%| F|  |TAMS 0x0000000084e00000| PB 0x0000000084e00000| Untracked 
|  41|0x0000000084f00000, 0x0000000084f00000, 0x0000000085000000|  0%| F|  |TAMS 0x0000000084f00000| PB 0x0000000084f00000| Untracked 
|  42|0x0000000085000000, 0x0000000085000000, 0x0000000085100000|  0%| F|  |TAMS 0x0000000085000000| PB 0x0000000085000000| Untracked 
|  43|0x0000000085100000, 0x0000000085100000, 0x0000000085200000|  0%| F|  |TAMS 0x0000000085100000| PB 0x0000000085100000| Untracked 
|  44|0x0000000085200000, 0x000000008529fbf0, 0x0000000085300000| 62%| S|CS|TAMS 0x0000000085200000| PB 0x0000000085200000| Complete 
|  45|0x0000000085300000, 0x0000000085400000, 0x0000000085400000|100%| S|CS|TAMS 0x0000000085300000| PB 0x0000000085300000| Complete 
|  46|0x0000000085400000, 0x0000000085500000, 0x0000000085500000|100%| S|CS|TAMS 0x0000000085400000| PB 0x0000000085400000| Complete 
|  47|0x0000000085500000, 0x0000000085600000, 0x0000000085600000|100%| S|CS|TAMS 0x0000000085500000| PB 0x0000000085500000| Complete 
|  48|0x0000000085600000, 0x0000000085600000, 0x0000000085700000|  0%| F|  |TAMS 0x0000000085600000| PB 0x0000000085600000| Untracked 
|  49|0x0000000085700000, 0x0000000085700000, 0x0000000085800000|  0%| F|  |TAMS 0x0000000085700000| PB 0x0000000085700000| Untracked 
|  50|0x0000000085800000, 0x0000000085800000, 0x0000000085900000|  0%| F|  |TAMS 0x0000000085800000| PB 0x0000000085800000| Untracked 
|  51|0x0000000085900000, 0x0000000085900000, 0x0000000085a00000|  0%| F|  |TAMS 0x0000000085900000| PB 0x0000000085900000| Untracked 
|  52|0x0000000085a00000, 0x0000000085a00000, 0x0000000085b00000|  0%| F|  |TAMS 0x0000000085a00000| PB 0x0000000085a00000| Untracked 
|  53|0x0000000085b00000, 0x0000000085b00000, 0x0000000085c00000|  0%| F|  |TAMS 0x0000000085b00000| PB 0x0000000085b00000| Untracked 
|  54|0x0000000085c00000, 0x0000000085c00000, 0x0000000085d00000|  0%| F|  |TAMS 0x0000000085c00000| PB 0x0000000085c00000| Untracked 
|  55|0x0000000085d00000, 0x0000000085d00000, 0x0000000085e00000|  0%| F|  |TAMS 0x0000000085d00000| PB 0x0000000085d00000| Untracked 
|  56|0x0000000085e00000, 0x0000000085e00000, 0x0000000085f00000|  0%| F|  |TAMS 0x0000000085e00000| PB 0x0000000085e00000| Untracked 
|  57|0x0000000085f00000, 0x0000000085f00000, 0x0000000086000000|  0%| F|  |TAMS 0x0000000085f00000| PB 0x0000000085f00000| Untracked 
|  58|0x0000000086000000, 0x0000000086000000, 0x0000000086100000|  0%| F|  |TAMS 0x0000000086000000| PB 0x0000000086000000| Untracked 
|  59|0x0000000086100000, 0x0000000086100000, 0x0000000086200000|  0%| F|  |TAMS 0x0000000086100000| PB 0x0000000086100000| Untracked 
|  60|0x0000000086200000, 0x0000000086200000, 0x0000000086300000|  0%| F|  |TAMS 0x0000000086200000| PB 0x0000000086200000| Untracked 
|  61|0x0000000086300000, 0x0000000086300000, 0x0000000086400000|  0%| F|  |TAMS 0x0000000086300000| PB 0x0000000086300000| Untracked 
|  62|0x0000000086400000, 0x0000000086400000, 0x0000000086500000|  0%| F|  |TAMS 0x0000000086400000| PB 0x0000000086400000| Untracked 
|  63|0x0000000086500000, 0x0000000086500000, 0x0000000086600000|  0%| F|  |TAMS 0x0000000086500000| PB 0x0000000086500000| Untracked 
|  64|0x0000000086600000, 0x0000000086600000, 0x0000000086700000|  0%| F|  |TAMS 0x0000000086600000| PB 0x0000000086600000| Untracked 
|  65|0x0000000086700000, 0x0000000086700000, 0x0000000086800000|  0%| F|  |TAMS 0x0000000086700000| PB 0x0000000086700000| Untracked 
|  66|0x0000000086800000, 0x0000000086800000, 0x0000000086900000|  0%| F|  |TAMS 0x0000000086800000| PB 0x0000000086800000| Untracked 
|  67|0x0000000086900000, 0x0000000086900000, 0x0000000086a00000|  0%| F|  |TAMS 0x0000000086900000| PB 0x0000000086900000| Untracked 
|  68|0x0000000086a00000, 0x0000000086a00000, 0x0000000086b00000|  0%| F|  |TAMS 0x0000000086a00000| PB 0x0000000086a00000| Untracked 
|  69|0x0000000086b00000, 0x0000000086b00000, 0x0000000086c00000|  0%| F|  |TAMS 0x0000000086b00000| PB 0x0000000086b00000| Untracked 
|  70|0x0000000086c00000, 0x0000000086c00000, 0x0000000086d00000|  0%| F|  |TAMS 0x0000000086c00000| PB 0x0000000086c00000| Untracked 
| 114|0x0000000089800000, 0x0000000089800000, 0x0000000089900000|  0%| F|  |TAMS 0x0000000089800000| PB 0x0000000089800000| Untracked 
| 115|0x0000000089900000, 0x0000000089900000, 0x0000000089a00000|  0%| F|  |TAMS 0x0000000089900000| PB 0x0000000089900000| Untracked 
| 116|0x0000000089a00000, 0x0000000089a00000, 0x0000000089b00000|  0%| F|  |TAMS 0x0000000089a00000| PB 0x0000000089a00000| Untracked 
| 117|0x0000000089b00000, 0x0000000089b7b408, 0x0000000089c00000| 48%| E|  |TAMS 0x0000000089b00000| PB 0x0000000089b00000| Complete 
| 124|0x000000008a200000, 0x000000008a300000, 0x000000008a300000|100%| E|CS|TAMS 0x000000008a200000| PB 0x000000008a200000| Complete 
| 125|0x000000008a300000, 0x000000008a400000, 0x000000008a400000|100%| E|CS|TAMS 0x000000008a300000| PB 0x000000008a300000| Complete 
|2009|0x00000000fff00000, 0x0000000100000000, 0x0000000100000000|100%| O|  |TAMS 0x00000000fff00000| PB 0x00000000fff00000| Untracked 

Card table byte_map: [0x00000218723b0000,0x00000218727a0000] _byte_map_base: 0x0000021871f9d000

Marking Bits: (CMBitMap*) 0x0000021869843130
 Bits: [0x00000218727a0000, 0x0000021874708000)

Polling page: 0x0000021867760000

Metaspace:

Usage:
  Non-class:     56.17 MB used.
      Class:      8.30 MB used.
       Both:     64.47 MB used.

Virtual space:
  Non-class space:       64.00 MB reserved,      56.62 MB ( 88%) committed,  1 nodes.
      Class space:        1.00 GB reserved,       8.69 MB ( <1%) committed,  1 nodes.
             Both:        1.06 GB reserved,      65.31 MB (  6%) committed. 

Chunk freelists:
   Non-Class:  6.45 MB
       Class:  7.29 MB
        Both:  13.75 MB

MaxMetaspaceSize: unlimited
CompressedClassSpaceSize: 1.00 GB
Initial GC threshold: 21.00 MB
Current GC threshold: 100.00 MB
CDS: on
 - commit_granule_bytes: 65536.
 - commit_granule_words: 8192.
 - virtual_space_node_default_size: 8388608.
 - enlarge_chunks_in_place: 1.
 - use_allocation_guard: 0.


Internal statistics:

num_allocs_failed_limit: 16.
num_arena_births: 1300.
num_arena_deaths: 0.
num_vsnodes_births: 2.
num_vsnodes_deaths: 0.
num_space_committed: 1045.
num_space_uncommitted: 0.
num_chunks_returned_to_freelist: 16.
num_chunks_taken_from_freelist: 3706.
num_chunk_merges: 16.
num_chunk_splits: 2543.
num_chunks_enlarged: 1870.
num_inconsistent_stats: 0.

CodeHeap 'non-profiled nmethods': size=120000Kb used=3949Kb max_used=3949Kb free=116050Kb
 bounds [0x0000021807ad0000, 0x0000021807eb0000, 0x000002180f000000]
CodeHeap 'profiled nmethods': size=120000Kb used=13523Kb max_used=13523Kb free=106476Kb
 bounds [0x0000021800000000, 0x0000021800d40000, 0x0000021807530000]
CodeHeap 'non-nmethods': size=5760Kb used=1656Kb max_used=1748Kb free=4103Kb
 bounds [0x0000021807530000, 0x00000218077a0000, 0x0000021807ad0000]
 total_blobs=7955 nmethods=7254 adapters=604
 compilation: enabled
              stopped_count=0, restarted_count=0
 full_count=0

Compilation events (20 events):
Event: 258.776 Thread 0x0000021877155660 nmethod 7913 0x0000021807eaa110 code [0x0000021807eaa300, 0x0000021807eaa900]
Event: 259.078 Thread 0x0000021877156370 7917       3       org.glassfish.jersey.internal.l10n.LocalizableMessageFactory::getMessage (18 bytes)
Event: 259.079 Thread 0x0000021877156370 nmethod 7917 0x0000021800d32090 code [0x0000021800d32240, 0x0000021800d32400]
Event: 259.079 Thread 0x0000021877156370 7918       1       org.glassfish.jersey.client.ClientRuntime::getConfig (5 bytes)
Event: 259.079 Thread 0x0000021877156370 nmethod 7918 0x0000021807eaad10 code [0x0000021807eaaea0, 0x0000021807eaaf68]
Event: 259.087 Thread 0x0000021877156370 7919       3       org.apache.http.impl.io.SessionOutputBufferImpl::writeLine (120 bytes)
Event: 259.088 Thread 0x0000021877156370 nmethod 7919 0x0000021800d32510 code [0x0000021800d32760, 0x0000021800d32f78]
Event: 259.093 Thread 0x0000021877155660 7920       4       org.springframework.boot.context.properties.source.SoftReferenceConfigurationPropertyCache::hasExpired (60 bytes)
Event: 259.094 Thread 0x0000021877156370 7923       3       jakarta.ws.rs.core.MediaType::equals (71 bytes)
Event: 259.094 Thread 0x0000021877156370 nmethod 7923 0x0000021800d33310 code [0x0000021800d33500, 0x0000021800d33af0]
Event: 259.094 Thread 0x0000021877156370 7924       3       com.fasterxml.jackson.core.JsonGenerator$Feature::enabledIn (15 bytes)
Event: 259.094 Thread 0x0000021877156370 nmethod 7924 0x0000021800d33c90 code [0x0000021800d33e20, 0x0000021800d33f88]
Event: 259.095 Thread 0x0000021877155660 nmethod 7920 0x0000021807eab010 code [0x0000021807eab1a0, 0x0000021807eab280]
Event: 259.095 Thread 0x0000021877155660 7922   !   4       org.springframework.boot.context.properties.source.SpringConfigurationPropertySource::getConfigurationProperty (116 bytes)
Event: 259.101 Thread 0x0000021877156370 7925       3       org.apache.coyote.Request::getAttribute (9 bytes)
Event: 259.102 Thread 0x0000021877156370 nmethod 7925 0x0000021800d34010 code [0x0000021800d341c0, 0x0000021800d343a0]
Event: 259.103 Thread 0x0000021877156370 7926       3       org.apache.coyote.http11.filters.ChunkedInputFilter::fill (60 bytes)
Event: 259.104 Thread 0x0000021877156370 nmethod 7926 0x0000021800d34490 code [0x0000021800d346a0, 0x0000021800d34c60]
Event: 259.104 Thread 0x0000021877156370 7927       1       org.apache.coyote.http11.filters.ChunkedInputFilter::getHeaderByteBuffer (5 bytes)
Event: 259.104 Thread 0x0000021877156370 nmethod 7927 0x0000021807eab310 code [0x0000021807eab4a0, 0x0000021807eab568]

GC Heap History (20 events):
Event: 4.967 GC heap before
{Heap before GC invocations=3 (full 0):
 garbage-first heap   total 129024K, used 25784K [0x0000000082600000, 0x0000000100000000)
  region size 1024K, 12 young (12288K), 4 survivors (4096K)
 Metaspace       used 21142K, committed 21504K, reserved 1114112K
  class space    used 2562K, committed 2752K, reserved 1048576K
}
Event: 4.973 GC heap after
{Heap after GC invocations=4 (full 0):
 garbage-first heap   total 129024K, used 19200K [0x0000000082600000, 0x0000000100000000)
  region size 1024K, 4 young (4096K), 4 survivors (4096K)
 Metaspace       used 21142K, committed 21504K, reserved 1114112K
  class space    used 2562K, committed 2752K, reserved 1048576K
}
Event: 5.786 GC heap before
{Heap before GC invocations=5 (full 0):
 garbage-first heap   total 65536K, used 50944K [0x0000000082600000, 0x0000000100000000)
  region size 1024K, 38 young (38912K), 4 survivors (4096K)
 Metaspace       used 26869K, committed 27328K, reserved 1114112K
  class space    used 3171K, committed 3392K, reserved 1048576K
}
Event: 5.795 GC heap after
{Heap after GC invocations=6 (full 0):
 garbage-first heap   total 65536K, used 19072K [0x0000000082600000, 0x0000000100000000)
  region size 1024K, 3 young (3072K), 3 survivors (3072K)
 Metaspace       used 26869K, committed 27328K, reserved 1114112K
  class space    used 3171K, committed 3392K, reserved 1048576K
}
Event: 7.112 GC heap before
{Heap before GC invocations=6 (full 0):
 garbage-first heap   total 65536K, used 50816K [0x0000000082600000, 0x0000000100000000)
  region size 1024K, 35 young (35840K), 3 survivors (3072K)
 Metaspace       used 30153K, committed 30656K, reserved 1114112K
  class space    used 3617K, committed 3840K, reserved 1048576K
}
Event: 7.126 GC heap after
{Heap after GC invocations=7 (full 0):
 garbage-first heap   total 65536K, used 21358K [0x0000000082600000, 0x0000000100000000)
  region size 1024K, 5 young (5120K), 5 survivors (5120K)
 Metaspace       used 30153K, committed 30656K, reserved 1114112K
  class space    used 3617K, committed 3840K, reserved 1048576K
}
Event: 9.003 GC heap before
{Heap before GC invocations=7 (full 0):
 garbage-first heap   total 65536K, used 51054K [0x0000000082600000, 0x0000000100000000)
  region size 1024K, 35 young (35840K), 5 survivors (5120K)
 Metaspace       used 35904K, committed 36416K, reserved 1114112K
  class space    used 4386K, committed 4608K, reserved 1048576K
}
Event: 9.035 GC heap after
{Heap after GC invocations=8 (full 0):
 garbage-first heap   total 65536K, used 24549K [0x0000000082600000, 0x0000000100000000)
  region size 1024K, 4 young (4096K), 4 survivors (4096K)
 Metaspace       used 35904K, committed 36416K, reserved 1114112K
  class space    used 4386K, committed 4608K, reserved 1048576K
}
Event: 10.404 GC heap before
{Heap before GC invocations=9 (full 0):
 garbage-first heap   total 65536K, used 54245K [0x0000000082600000, 0x0000000100000000)
  region size 1024K, 33 young (33792K), 4 survivors (4096K)
 Metaspace       used 39131K, committed 39808K, reserved 1114112K
  class space    used 4800K, committed 5120K, reserved 1048576K
}
Event: 10.425 GC heap after
{Heap after GC invocations=10 (full 0):
 garbage-first heap   total 65536K, used 26224K [0x0000000082600000, 0x0000000100000000)
  region size 1024K, 2 young (2048K), 2 survivors (2048K)
 Metaspace       used 39131K, committed 39808K, reserved 1114112K
  class space    used 4800K, committed 5120K, reserved 1048576K
}
Event: 12.259 GC heap before
{Heap before GC invocations=10 (full 0):
 garbage-first heap   total 65536K, used 55920K [0x0000000082600000, 0x0000000100000000)
  region size 1024K, 31 young (31744K), 2 survivors (2048K)
 Metaspace       used 45267K, committed 45888K, reserved 1114112K
  class space    used 5681K, committed 5952K, reserved 1048576K
}
Event: 12.287 GC heap after
{Heap after GC invocations=11 (full 0):
 garbage-first heap   total 78848K, used 28258K [0x0000000082600000, 0x0000000100000000)
  region size 1024K, 4 young (4096K), 4 survivors (4096K)
 Metaspace       used 45267K, committed 45888K, reserved 1114112K
  class space    used 5681K, committed 5952K, reserved 1048576K
}
Event: 14.481 GC heap before
{Heap before GC invocations=11 (full 0):
 garbage-first heap   total 78848K, used 68194K [0x0000000082600000, 0x0000000100000000)
  region size 1024K, 43 young (44032K), 4 survivors (4096K)
 Metaspace       used 51229K, committed 51904K, reserved 1114112K
  class space    used 6618K, committed 6912K, reserved 1048576K
}
Event: 14.495 GC heap after
{Heap after GC invocations=12 (full 0):
 garbage-first heap   total 78848K, used 34805K [0x0000000082600000, 0x0000000100000000)
  region size 1024K, 6 young (6144K), 6 survivors (6144K)
 Metaspace       used 51229K, committed 51904K, reserved 1114112K
  class space    used 6618K, committed 6912K, reserved 1048576K
}
Event: 16.666 GC heap before
{Heap before GC invocations=12 (full 0):
 garbage-first heap   total 78848K, used 66549K [0x0000000082600000, 0x0000000100000000)
  region size 1024K, 38 young (38912K), 6 survivors (6144K)
 Metaspace       used 57314K, committed 58048K, reserved 1114112K
  class space    used 7420K, committed 7744K, reserved 1048576K
}
Event: 16.684 GC heap after
{Heap after GC invocations=13 (full 0):
 garbage-first heap   total 79872K, used 40283K [0x0000000082600000, 0x0000000100000000)
  region size 1024K, 5 young (5120K), 5 survivors (5120K)
 Metaspace       used 57314K, committed 58048K, reserved 1114112K
  class space    used 7420K, committed 7744K, reserved 1048576K
}
Event: 47.362 GC heap before
{Heap before GC invocations=13 (full 0):
 garbage-first heap   total 79872K, used 53595K [0x0000000082600000, 0x0000000100000000)
  region size 1024K, 20 young (20480K), 5 survivors (5120K)
 Metaspace       used 60319K, committed 61056K, reserved 1114112K
  class space    used 7784K, committed 8128K, reserved 1048576K
}
Event: 47.371 GC heap after
{Heap after GC invocations=14 (full 0):
 garbage-first heap   total 79872K, used 41913K [0x0000000082600000, 0x0000000100000000)
  region size 1024K, 2 young (2048K), 2 survivors (2048K)
 Metaspace       used 60319K, committed 61056K, reserved 1114112K
  class space    used 7784K, committed 8128K, reserved 1048576K
}
Event: 220.784 GC heap before
{Heap before GC invocations=15 (full 0):
 garbage-first heap   total 79872K, used 68537K [0x0000000082600000, 0x0000000100000000)
  region size 1024K, 29 young (29696K), 2 survivors (2048K)
 Metaspace       used 65952K, committed 66816K, reserved 1114112K
  class space    used 8500K, committed 8896K, reserved 1048576K
}
Event: 220.849 GC heap after
{Heap after GC invocations=16 (full 0):
 garbage-first heap   total 79872K, used 43777K [0x0000000082600000, 0x0000000100000000)
  region size 1024K, 4 young (4096K), 4 survivors (4096K)
 Metaspace       used 65952K, committed 66816K, reserved 1114112K
  class space    used 8500K, committed 8896K, reserved 1048576K
}

Dll operation events (13 events):
Event: 0.018 Loaded shared library C:\Program Files\Java\jdk-21\bin\java.dll
Event: 0.097 Loaded shared library C:\Program Files\Java\jdk-21\bin\jsvml.dll
Event: 0.313 Loaded shared library C:\Program Files\Java\jdk-21\bin\zip.dll
Event: 0.325 Loaded shared library C:\Program Files\Java\jdk-21\bin\instrument.dll
Event: 0.340 Loaded shared library C:\Program Files\Java\jdk-21\bin\net.dll
Event: 0.343 Loaded shared library C:\Program Files\Java\jdk-21\bin\nio.dll
Event: 0.350 Loaded shared library C:\Program Files\Java\jdk-21\bin\zip.dll
Event: 0.844 Loaded shared library C:\Program Files\Java\jdk-21\bin\extnet.dll
Event: 0.912 Loaded shared library C:\Program Files\Java\jdk-21\bin\jimage.dll
Event: 4.898 Loaded shared library C:\Program Files\Java\jdk-21\bin\sunmscapi.dll
Event: 8.543 Loaded shared library C:\Program Files\Java\jdk-21\bin\management.dll
Event: 8.549 Loaded shared library C:\Program Files\Java\jdk-21\bin\management_ext.dll
Event: 9.118 Loaded shared library C:\Program Files\Java\jdk-21\bin\verify.dll

Deoptimization events (20 events):
Event: 49.619 Thread 0x000002187e0694e0 DEOPT PACKING pc=0x0000021807bd8b2c sp=0x000000d6aacfd6c0
Event: 49.619 Thread 0x000002187e0694e0 DEOPT UNPACKING pc=0x00000218075846a2 sp=0x000000d6aacfd640 mode 2
Event: 130.873 Thread 0x000002187db416a0 DEOPT PACKING pc=0x000002180005f681 sp=0x000000d6acafcd90
Event: 130.873 Thread 0x000002187db416a0 DEOPT UNPACKING pc=0x0000021807584e42 sp=0x000000d6acafc228 mode 0
Event: 233.179 Thread 0x000002187db423c0 Uncommon trap: trap_request=0xffffffbe fr.pc=0x0000021807e8fd00 relative=0x0000000000000520
Event: 233.179 Thread 0x000002187db423c0 Uncommon trap: reason=profile_predicate action=maybe_recompile pc=0x0000021807e8fd00 method=org.springframework.boot.context.properties.source.ConfigurationPropertyName$Elements.canShortcutWithSource(Lorg/springframework/boot/context/properties/source/Con
Event: 233.179 Thread 0x000002187db423c0 DEOPT PACKING pc=0x0000021807e8fd00 sp=0x000000d6ac9fc840
Event: 233.179 Thread 0x000002187db423c0 DEOPT UNPACKING pc=0x00000218075846a2 sp=0x000000d6ac9fc5e0 mode 2
Event: 233.179 Thread 0x000002187db423c0 Uncommon trap: trap_request=0xffffffbe fr.pc=0x0000021807e8fd00 relative=0x0000000000000520
Event: 233.179 Thread 0x000002187db423c0 Uncommon trap: reason=profile_predicate action=maybe_recompile pc=0x0000021807e8fd00 method=org.springframework.boot.context.properties.source.ConfigurationPropertyName$Elements.canShortcutWithSource(Lorg/springframework/boot/context/properties/source/Con
Event: 233.179 Thread 0x000002187db423c0 DEOPT PACKING pc=0x0000021807e8fd00 sp=0x000000d6ac9fc840
Event: 233.179 Thread 0x000002187db423c0 DEOPT UNPACKING pc=0x00000218075846a2 sp=0x000000d6ac9fc5e0 mode 2
Event: 233.180 Thread 0x000002187db423c0 Uncommon trap: trap_request=0xffffffbe fr.pc=0x0000021807e8fd00 relative=0x0000000000000520
Event: 233.180 Thread 0x000002187db423c0 Uncommon trap: reason=profile_predicate action=maybe_recompile pc=0x0000021807e8fd00 method=org.springframework.boot.context.properties.source.ConfigurationPropertyName$Elements.canShortcutWithSource(Lorg/springframework/boot/context/properties/source/Con
Event: 233.180 Thread 0x000002187db423c0 DEOPT PACKING pc=0x0000021807e8fd00 sp=0x000000d6ac9fc840
Event: 233.180 Thread 0x000002187db423c0 DEOPT UNPACKING pc=0x00000218075846a2 sp=0x000000d6ac9fc5e0 mode 2
Event: 233.181 Thread 0x000002187db423c0 Uncommon trap: trap_request=0xffffffbe fr.pc=0x0000021807e8fd00 relative=0x0000000000000520
Event: 233.181 Thread 0x000002187db423c0 Uncommon trap: reason=profile_predicate action=maybe_recompile pc=0x0000021807e8fd00 method=org.springframework.boot.context.properties.source.ConfigurationPropertyName$Elements.canShortcutWithSource(Lorg/springframework/boot/context/properties/source/Con
Event: 233.181 Thread 0x000002187db423c0 DEOPT PACKING pc=0x0000021807e8fd00 sp=0x000000d6ac9fc840
Event: 233.181 Thread 0x000002187db423c0 DEOPT UNPACKING pc=0x00000218075846a2 sp=0x000000d6ac9fc5e0 mode 2

Classes loaded (20 events):
Event: 48.309 Loading class java/util/PrimitiveIterator done
Event: 48.309 Loading class java/util/PrimitiveIterator$OfInt done
Event: 48.317 Loading class org/w3c/dom/Document
Event: 48.318 Loading class org/w3c/dom/Document done
Event: 49.120 Loading class javax/naming/Name
Event: 49.123 Loading class javax/naming/Name done
Event: 49.124 Loading class javax/naming/NameParser
Event: 49.124 Loading class javax/naming/NameParser done
Event: 49.126 Loading class java/lang/invoke/WrongMethodTypeException
Event: 49.131 Loading class java/lang/invoke/WrongMethodTypeException done
Event: 49.267 Loading class java/util/zip/GZIPInputStream
Event: 49.268 Loading class java/util/zip/GZIPInputStream done
Event: 49.340 Loading class java/util/concurrent/LinkedBlockingDeque$Node
Event: 49.345 Loading class java/util/concurrent/LinkedBlockingDeque$Node done
Event: 49.484 Loading class java/net/Socket$SocketOutputStream
Event: 49.484 Loading class java/net/Socket$SocketOutputStream done
Event: 49.484 Loading class sun/nio/ch/NioSocketImpl$2
Event: 49.484 Loading class sun/nio/ch/NioSocketImpl$2 done
Event: 160.201 Loading class java/util/concurrent/locks/ReentrantReadWriteLock$Sync$HoldCounter
Event: 160.201 Loading class java/util/concurrent/locks/ReentrantReadWriteLock$Sync$HoldCounter done

Classes unloaded (0 events):
No events

Classes redefined (0 events):
No events

Internal exceptions (20 events):
Event: 15.762 Thread 0x00000218697ebe10 Exception <a 'java/lang/NoSuchMethodError'{0x000000008617a5b8}: 'java.lang.Object java.lang.invoke.DirectMethodHandle$Holder.invokeVirtual(java.lang.Object, java.lang.Object, java.lang.Object, java.lang.Object, java.lang.Object, java.lang.Object, java.lang.Object)'> (0x000000008617a5b8) 
thrown [s\open\src\hotspot\share\interpreter\linkResolver.cpp, line 773]
Event: 15.836 Thread 0x00000218697ebe10 Exception <a 'java/lang/NoSuchMethodError'{0x000000008608fa40}: 'double java.lang.invoke.DirectMethodHandle$Holder.invokeVirtual(java.lang.Object, java.lang.Object)'> (0x000000008608fa40) 
thrown [s\open\src\hotspot\share\interpreter\linkResolver.cpp, line 773]
Event: 16.076 Thread 0x00000218697ebe10 Exception <a 'sun/nio/fs/WindowsException'{0x0000000085c21948}> (0x0000000085c21948) 
thrown [s\open\src\hotspot\share\prims\jni.cpp, line 520]
Event: 16.639 Thread 0x00000218697ebe10 Exception <a 'java/lang/NoSuchMethodError'{0x0000000085388e10}: 'java.lang.Object java.lang.invoke.DirectMethodHandle$Holder.newInvokeSpecial(java.lang.Object, java.lang.Object, java.lang.Object, long, long)'> (0x0000000085388e10) 
thrown [s\open\src\hotspot\share\interpreter\linkResolver.cpp, line 773]
Event: 16.640 Thread 0x00000218697ebe10 Exception <a 'java/lang/NoSuchMethodError'{0x000000008538d2b0}: 'java.lang.Object java.lang.invoke.DirectMethodHandle$Holder.invokeSpecial(java.lang.Object, java.lang.Object, java.lang.Object, java.lang.Object, long, long)'> (0x000000008538d2b0) 
thrown [s\open\src\hotspot\share\interpreter\linkResolver.cpp, line 773]
Event: 16.687 Thread 0x00000218697ebe10 Exception <a 'java/lang/NoSuchMethodError'{0x000000008a300760}: 'java.lang.Object java.lang.invoke.DirectMethodHandle$Holder.invokeStatic(java.lang.Object, java.lang.Object, java.lang.Object, java.lang.Object, java.lang.Object, java.lang.Object, int)'> (0x000000008a300760) 
thrown [s\open\src\hotspot\share\interpreter\linkResolver.cpp, line 773]
Event: 16.759 Thread 0x00000218776ea630 Exception <a 'java/lang/NoSuchMethodError'{0x000000008a3b63c8}: 'long java.lang.invoke.DirectMethodHandle$Holder.invokeStatic(java.lang.Object, java.lang.Object, java.lang.Object)'> (0x000000008a3b63c8) 
thrown [s\open\src\hotspot\share\interpreter\linkResolver.cpp, line 773]
Event: 16.781 Thread 0x00000218697ebe10 Exception <a 'java/lang/NoSuchMethodError'{0x0000000089a6d890}: 'java.lang.Object java.lang.invoke.DirectMethodHandle$Holder.invokeVirtual(java.lang.Object, java.lang.Object, java.lang.Object, java.lang.Object, java.lang.Object, java.lang.Object, java.lang.Object, java.lang.Object, java.lang.Object)'> (0x0000000089a6d890) 
thrown [s\open\src\hotspot\share\interpreter\linkResolver.cpp, line 773]
Event: 16.915 Thread 0x00000218697ebe10 Exception <a 'java/lang/NoSuchMethodError'{0x000000008982f678}: 'void java.lang.invoke.DirectMethodHandle$Holder.invokeStatic(java.lang.Object, java.lang.Object, double)'> (0x000000008982f678) 
thrown [s\open\src\hotspot\share\interpreter\linkResolver.cpp, line 773]
Event: 16.962 Thread 0x00000218697ebe10 Exception <a 'java/lang/NoSuchMethodError'{0x0000000089894e60}: 'double java.lang.invoke.DirectMethodHandle$Holder.invokeStatic(java.lang.Object, java.lang.Object, java.lang.Object)'> (0x0000000089894e60) 
thrown [s\open\src\hotspot\share\interpreter\linkResolver.cpp, line 773]
Event: 16.999 Thread 0x00000218697ebe10 Exception <a 'java/lang/NoSuchMethodError'{0x0000000086c0bac0}: 'java.lang.Object java.lang.invoke.DirectMethodHandle$Holder.newInvokeSpecial(java.lang.Object, java.lang.Object, int, java.lang.Object, java.lang.Object)'> (0x0000000086c0bac0) 
thrown [s\open\src\hotspot\share\interpreter\linkResolver.cpp, line 773]
Event: 17.269 Thread 0x00000218697ebe10 Exception <a 'java/lang/IncompatibleClassChangeError'{0x00000000869228e8}: Found class java.lang.Object, but interface was expected> (0x00000000869228e8) 
thrown [s\open\src\hotspot\share\interpreter\linkResolver.cpp, line 840]
Event: 47.282 Thread 0x000002187db40980 Exception <a 'java/lang/NoSuchMethodError'{0x00000000864665b8}: 'java.lang.Object java.lang.invoke.DirectMethodHandle$Holder.invokeStatic(java.lang.Object, java.lang.Object, java.lang.Object, int, int)'> (0x00000000864665b8) 
thrown [s\open\src\hotspot\share\interpreter\linkResolver.cpp, line 773]
Event: 47.282 Thread 0x000002187db40980 Exception <a 'java/lang/NoSuchMethodError'{0x0000000086469d68}: 'java.lang.Object java.lang.invoke.DirectMethodHandle$Holder.invokeStaticInit(java.lang.Object, java.lang.Object, java.lang.Object, int, int)'> (0x0000000086469d68) 
thrown [s\open\src\hotspot\share\interpreter\linkResolver.cpp, line 773]
Event: 47.458 Thread 0x000002187db43770 Exception <a 'java/lang/NoSuchMethodError'{0x000000008a258d00}: 'java.lang.Object java.lang.invoke.DirectMethodHandle$Holder.invokeSpecial(java.lang.Object, java.lang.Object, java.lang.Object, java.lang.Object, java.lang.Object, long)'> (0x000000008a258d00) 
thrown [s\open\src\hotspot\share\interpreter\linkResolver.cpp, line 773]
Event: 47.458 Thread 0x000002187db43770 Exception <a 'java/lang/NoSuchMethodError'{0x000000008a25c508}: 'java.lang.Object java.lang.invoke.Invokers$Holder.linkToTargetMethod(java.lang.Object, java.lang.Object, java.lang.Object, long, java.lang.Object)'> (0x000000008a25c508) 
thrown [s\open\src\hotspot\share\interpreter\linkResolver.cpp, line 773]
Event: 47.792 Thread 0x000002187db43770 Exception <a 'java/lang/NoSuchMethodError'{0x00000000898add58}: 'java.lang.Object java.lang.invoke.DirectMethodHandle$Holder.invokeVirtual(java.lang.Object, java.lang.Object, java.lang.Object, java.lang.Object, java.lang.Object, java.lang.Object, java.lang.Object, java.lang.Object)'> (0x00000000898add58) 
thrown [s\open\src\hotspot\share\interpreter\linkResolver.cpp, line 773]
Event: 49.532 Thread 0x000002187e0694e0 Exception <a 'java/lang/NoSuchMethodError'{0x0000000085ed8e18}: 'long java.lang.invoke.DelegatingMethodHandle$Holder.reinvoke_L(java.lang.Object, java.lang.Object)'> (0x0000000085ed8e18) 
thrown [s\open\src\hotspot\share\interpreter\linkResolver.cpp, line 773]
Event: 49.619 Thread 0x000002187e0694e0 Implicit null exception at 0x0000021807bd8897 to 0x0000021807bd8b18
Event: 49.620 Thread 0x000002187e0694e0 Exception <a 'java/lang/NoSuchMethodError'{0x0000000085c28050}: 'java.lang.Object java.lang.invoke.DelegatingMethodHandle$Holder.reinvoke_L(java.lang.Object, int, java.lang.Object)'> (0x0000000085c28050) 
thrown [s\open\src\hotspot\share\interpreter\linkResolver.cpp, line 773]

ZGC Phase Switch (0 events):
No events

VM Operations (20 events):
Event: 221.850 Executing VM operation: Cleanup
Event: 221.850 Executing VM operation: Cleanup done
Event: 223.851 Executing VM operation: Cleanup
Event: 223.851 Executing VM operation: Cleanup done
Event: 228.853 Executing VM operation: Cleanup
Event: 228.853 Executing VM operation: Cleanup done
Event: 230.853 Executing VM operation: Cleanup
Event: 230.853 Executing VM operation: Cleanup done
Event: 233.859 Executing VM operation: Cleanup
Event: 233.859 Executing VM operation: Cleanup done
Event: 236.860 Executing VM operation: Cleanup
Event: 236.860 Executing VM operation: Cleanup done
Event: 237.861 Executing VM operation: Cleanup
Event: 237.861 Executing VM operation: Cleanup done
Event: 240.610 Executing VM operation: HandshakeAllThreads (HandshakeForDeflation)
Event: 240.610 Executing VM operation: HandshakeAllThreads (HandshakeForDeflation) done
Event: 240.610 Executing VM operation: RendezvousGCThreads
Event: 240.610 Executing VM operation: RendezvousGCThreads done
Event: 258.628 Executing VM operation: Cleanup
Event: 258.629 Executing VM operation: Cleanup done

Events (20 events):
Event: 47.446 Thread 0x00000218771254b0 flushing nmethod 0x000002180066aa90
Event: 47.446 Thread 0x00000218771254b0 flushing nmethod 0x0000021800670410
Event: 47.446 Thread 0x00000218771254b0 flushing nmethod 0x0000021800683e90
Event: 47.446 Thread 0x00000218771254b0 flushing nmethod 0x0000021800687c90
Event: 47.446 Thread 0x00000218771254b0 flushing nmethod 0x0000021800688610
Event: 47.446 Thread 0x00000218771254b0 flushing nmethod 0x000002180068b210
Event: 47.446 Thread 0x00000218771254b0 flushing nmethod 0x000002180068c390
Event: 47.446 Thread 0x00000218771254b0 flushing nmethod 0x000002180068c910
Event: 47.446 Thread 0x00000218771254b0 flushing nmethod 0x00000218006ff210
Event: 47.446 Thread 0x00000218771254b0 flushing nmethod 0x000002180071e910
Event: 47.446 Thread 0x00000218771254b0 flushing nmethod 0x0000021800728c10
Event: 47.446 Thread 0x00000218771254b0 flushing nmethod 0x000002180075ce90
Event: 47.446 Thread 0x00000218771254b0 flushing nmethod 0x000002180076dd90
Event: 47.446 Thread 0x00000218771254b0 flushing nmethod 0x0000021800776a90
Event: 47.446 Thread 0x00000218771254b0 flushing nmethod 0x00000218007b8210
Event: 47.715 Thread 0x000002187d6330e0 Thread added: 0x000002187d6330e0
Event: 49.487 Thread 0x000002187d6330e0 Thread exited: 0x000002187d6330e0
Event: 49.538 Thread 0x000002187ed2c3a0 Thread added: 0x000002187ed2c3a0
Event: 50.835 Thread 0x000002187ed2c3a0 Thread exited: 0x000002187ed2c3a0
Event: 77.157 Thread 0x000002187e25d280 Thread exited: 0x000002187e25d280


Dynamic libraries:
0x00007ff6d07f0000 - 0x00007ff6d0800000 	C:\Program Files\Java\jdk-21\bin\java.exe
0x00007ffba7390000 - 0x00007ffba7588000 	C:\Windows\SYSTEM32\ntdll.dll
0x00007ffba6420000 - 0x00007ffba64e2000 	C:\Windows\System32\KERNEL32.DLL
0x00007ffba4a30000 - 0x00007ffba4d27000 	C:\Windows\System32\KERNELBASE.dll
0x00007ffba5240000 - 0x00007ffba5340000 	C:\Windows\System32\ucrtbase.dll
0x00007ffb9d960000 - 0x00007ffb9d97b000 	C:\Program Files\Java\jdk-21\bin\VCRUNTIME140.dll
0x00007ffb9d860000 - 0x00007ffb9d879000 	C:\Program Files\Java\jdk-21\bin\jli.dll
0x00007ffba6a60000 - 0x00007ffba6b11000 	C:\Windows\System32\ADVAPI32.dll
0x00007ffba57a0000 - 0x00007ffba583e000 	C:\Windows\System32\msvcrt.dll
0x00007ffba6960000 - 0x00007ffba69ff000 	C:\Windows\System32\sechost.dll
0x00007ffba6530000 - 0x00007ffba6656000 	C:\Windows\System32\RPCRT4.dll
0x00007ffba5100000 - 0x00007ffba5127000 	C:\Windows\System32\bcrypt.dll
0x00007ffba5520000 - 0x00007ffba56bd000 	C:\Windows\System32\USER32.dll
0x00007ffba4a00000 - 0x00007ffba4a22000 	C:\Windows\System32\win32u.dll
0x00007ffb8c570000 - 0x00007ffb8c80b000 	C:\Windows\WinSxS\amd64_microsoft.windows.common-controls_6595b64144ccf1df_6.0.19041.6926_none_60b5a53971f8f7e6\COMCTL32.dll
0x00007ffba68d0000 - 0x00007ffba68fb000 	C:\Windows\System32\GDI32.dll
0x00007ffba4dd0000 - 0x00007ffba4eea000 	C:\Windows\System32\gdi32full.dll
0x00007ffba4d30000 - 0x00007ffba4dcd000 	C:\Windows\System32\msvcp_win.dll
0x00007ffb9c730000 - 0x00007ffb9c73a000 	C:\Windows\SYSTEM32\VERSION.dll
0x00007ffba64f0000 - 0x00007ffba651f000 	C:\Windows\System32\IMM32.DLL
0x00007ffb9d990000 - 0x00007ffb9d99c000 	C:\Program Files\Java\jdk-21\bin\vcruntime140_1.dll
0x00007ffb9a070000 - 0x00007ffb9a0fe000 	C:\Program Files\Java\jdk-21\bin\msvcp140.dll
0x00007ffb16910000 - 0x00007ffb1762a000 	C:\Program Files\Java\jdk-21\bin\server\jvm.dll
0x00007ffba66c0000 - 0x00007ffba672b000 	C:\Windows\System32\WS2_32.dll
0x00007ffba3f00000 - 0x00007ffba3f4b000 	C:\Windows\SYSTEM32\POWRPROF.dll
0x00007ffb904c0000 - 0x00007ffb904e7000 	C:\Windows\SYSTEM32\WINMM.dll
0x00007ffba3dc0000 - 0x00007ffba3dd2000 	C:\Windows\SYSTEM32\UMPDC.dll
0x00007ffba3210000 - 0x00007ffba3222000 	C:\Windows\SYSTEM32\kernel.appcore.dll
0x00007ffb9d8b0000 - 0x00007ffb9d8ba000 	C:\Program Files\Java\jdk-21\bin\jimage.dll
0x00007ffb9f5b0000 - 0x00007ffb9f7b1000 	C:\Windows\SYSTEM32\DBGHELP.DLL
0x00007ffb8db40000 - 0x00007ffb8db74000 	C:\Windows\SYSTEM32\dbgcore.DLL
0x00007ffba51b0000 - 0x00007ffba5232000 	C:\Windows\System32\bcryptPrimitives.dll
0x00007ffb9d430000 - 0x00007ffb9d43f000 	C:\Program Files\Java\jdk-21\bin\instrument.dll
0x00007ffb9d2c0000 - 0x00007ffb9d2df000 	C:\Program Files\Java\jdk-21\bin\java.dll
0x00007ffba6b20000 - 0x00007ffba7291000 	C:\Windows\System32\SHELL32.dll
0x00007ffba2a50000 - 0x00007ffba31f6000 	C:\Windows\SYSTEM32\windows.storage.dll
0x00007ffba58e0000 - 0x00007ffba5c33000 	C:\Windows\System32\combase.dll
0x00007ffba4420000 - 0x00007ffba444b000 	C:\Windows\SYSTEM32\Wldp.dll
0x00007ffba5390000 - 0x00007ffba5466000 	C:\Windows\System32\OLEAUT32.dll
0x00007ffba72a0000 - 0x00007ffba734d000 	C:\Windows\System32\SHCORE.dll
0x00007ffba6390000 - 0x00007ffba63eb000 	C:\Windows\System32\shlwapi.dll
0x00007ffba4920000 - 0x00007ffba4944000 	C:\Windows\SYSTEM32\profapi.dll
0x00007ffb545c0000 - 0x00007ffb54697000 	C:\Program Files\Java\jdk-21\bin\jsvml.dll
0x00007ffb9b520000 - 0x00007ffb9b538000 	C:\Program Files\Java\jdk-21\bin\zip.dll
0x00007ffb9d360000 - 0x00007ffb9d370000 	C:\Program Files\Java\jdk-21\bin\net.dll
0x00007ffb97130000 - 0x00007ffb9723a000 	C:\Windows\SYSTEM32\WINHTTP.dll
0x00007ffba4150000 - 0x00007ffba41ba000 	C:\Windows\system32\mswsock.dll
0x00007ffb9d240000 - 0x00007ffb9d256000 	C:\Program Files\Java\jdk-21\bin\nio.dll
0x00007ffb9d180000 - 0x00007ffb9d189000 	C:\Program Files\Java\jdk-21\bin\extnet.dll
0x00007ffba3de0000 - 0x00007ffba3e1b000 	C:\Windows\SYSTEM32\IPHLPAPI.DLL
0x00007ffba58d0000 - 0x00007ffba58d8000 	C:\Windows\System32\NSI.dll
0x00007ffba3e30000 - 0x00007ffba3efa000 	C:\Windows\SYSTEM32\DNSAPI.dll
0x00007ffb99380000 - 0x00007ffb9938a000 	C:\Windows\System32\rasadhlp.dll
0x00007ffb8faa0000 - 0x00007ffb8fb20000 	C:\Windows\System32\fwpuclnt.dll
0x00007ffb8d3d0000 - 0x00007ffb8d3de000 	C:\Program Files\Java\jdk-21\bin\sunmscapi.dll
0x00007ffba4ef0000 - 0x00007ffba504d000 	C:\Windows\System32\CRYPT32.dll
0x00007ffba4490000 - 0x00007ffba44b7000 	C:\Windows\SYSTEM32\ncrypt.dll
0x00007ffba4450000 - 0x00007ffba448b000 	C:\Windows\SYSTEM32\NTASN1.dll
0x00007ffba4370000 - 0x00007ffba4388000 	C:\Windows\SYSTEM32\CRYPTSP.dll
0x00007ffba3a00000 - 0x00007ffba3a38000 	C:\Windows\system32\rsaenh.dll
0x00007ffba48a0000 - 0x00007ffba48ce000 	C:\Windows\SYSTEM32\USERENV.dll
0x00007ffba4390000 - 0x00007ffba439c000 	C:\Windows\SYSTEM32\CRYPTBASE.dll
0x00007ffb84750000 - 0x00007ffb8475a000 	C:\Program Files\Java\jdk-21\bin\management.dll
0x00007ffb81530000 - 0x00007ffb8153b000 	C:\Program Files\Java\jdk-21\bin\management_ext.dll
0x00007ffba6520000 - 0x00007ffba6528000 	C:\Windows\System32\PSAPI.DLL
0x00007ffb81520000 - 0x00007ffb81530000 	C:\Program Files\Java\jdk-21\bin\verify.dll
0x00007ffb895a0000 - 0x00007ffb895b7000 	C:\Windows\system32\napinsp.dll
0x00007ffb86720000 - 0x00007ffb8673b000 	C:\Windows\system32\pnrpnsp.dll
0x00007ffb9df30000 - 0x00007ffb9df4d000 	C:\Windows\system32\wshbth.dll
0x00007ffb9b470000 - 0x00007ffb9b48d000 	C:\Windows\system32\NLAapi.dll
0x00007ffb813f0000 - 0x00007ffb81402000 	C:\Windows\System32\winrnr.dll
0x00007ffb7ed20000 - 0x00007ffb7ed27000 	C:\Windows\system32\wshunix.dll

dbghelp: loaded successfully - version: 4.0.5 - missing functions: none
symbol engine: initialized successfully - sym options: 0x614 - pdb path: .;C:\Program Files\Java\jdk-21\bin;C:\Windows\SYSTEM32;C:\Windows\WinSxS\amd64_microsoft.windows.common-controls_6595b64144ccf1df_6.0.19041.6926_none_60b5a53971f8f7e6;C:\Program Files\Java\jdk-21\bin\server

VM Arguments:
jvm_args: -javaagent:C:\Program Files\JetBrains\IntelliJ IDEA Community Edition 2025.1.3\lib\idea_rt.jar=60465 -Dfile.encoding=UTF-8 -Dsun.stdout.encoding=UTF-8 -Dsun.stderr.encoding=UTF-8 
java_command: com.hms.eureka_server.EurekaServerApplication
java_class_path (initial): D:\Hospital Management Service\HMS-Backend\Eureka-server\target\classes;D:\MavenRepo\org\springframework\boot\spring-boot-starter-webmvc\4.0.6\spring-boot-starter-webmvc-4.0.6.jar;D:\MavenRepo\org\springframework\boot\spring-boot-starter\4.0.6\spring-boot-starter-4.0.6.jar;D:\MavenRepo\org\springframework\boot\spring-boot-starter-logging\4.0.6\spring-boot-starter-logging-4.0.6.jar;D:\MavenRepo\ch\qos\logback\logback-classic\1.5.32\logback-classic-1.5.32.jar;D:\MavenRepo\ch\qos\logback\logback-core\1.5.32\logback-core-1.5.32.jar;D:\MavenRepo\org\apache\logging\log4j\log4j-to-slf4j\2.25.4\log4j-to-slf4j-2.25.4.jar;D:\MavenRepo\org\apache\logging\log4j\log4j-api\2.25.4\log4j-api-2.25.4.jar;D:\MavenRepo\org\slf4j\jul-to-slf4j\2.0.17\jul-to-slf4j-2.0.17.jar;D:\MavenRepo\org\springframework\boot\spring-boot-autoconfigure\4.0.6\spring-boot-autoconfigure-4.0.6.jar;D:\MavenRepo\jakarta\annotation\jakarta.annotation-api\3.0.0\jakarta.annotation-api-3.0.0.jar;D:\MavenRepo\org\yaml\snakeyaml\2.5\snakeyaml-2.5.jar;D:\MavenRepo\org\springframework\boot\spring-boot-starter-jackson\4.0.6\spring-boot-starter-jackson-4.0.6.jar;D:\MavenRepo\org\springframework\boot\spring-boot-jackson\4.0.6\spring-boot-jackson-4.0.6.jar;D:\MavenRepo\tools\jackson\core\jackson-databind\3.1.2\jackson-databind-3.1.2.jar;D:\MavenRepo\tools\jackson\core\jackson-core\3.1.2\jackson-core-3.1.2.jar;D:\MavenRepo\org\springframework\boot\spring-boot-starter-tomcat\4.0.6\spring-boot-starter-tomcat-4.0.6.jar;D:\MavenRepo\org\springframework\boot\spring-boot-starter-tomcat-runtime\4.0.6\spring-boot-starter-tomcat-runtime-4.0.6.jar;D:\MavenRepo\org\apache\tomcat\embed\tomcat-embed-core\11.0.21\tomcat-embed-core-11.0.21.jar;D:\MavenRepo\org\apache\tomcat\embed\tomcat-embed-el\11.0.21\tomcat-embed-el-11.0.21.jar;D:\MavenRepo\org\apache\tomcat\embed\tomcat-embed-websocket\11.0.21\tomcat-embed-websocket-11.0.21.jar;D:\MavenRepo\org\springframework\boot\spring-boot-tomcat\4.0.6\spring-boot-tomcat-4.0.6.jar;D:\MavenRepo\org\springframework\boot\spring-boot-http-converter\4.0.6\spring-boot-http-converter-4.0.6.jar;D:\MavenRepo\org\springframework\boot\spring-boot\4.0.6\spring-boot-4.0.6.jar;D:\MavenRepo\org\springframework\spring-context\7.0.7\spring-context-7.0.7.jar;D:\MavenRepo\org\springframework\spring-web\7.0.7\spring-web-7.0.7.jar;D:\MavenRepo\org\springframework\spring-beans\7.0.7\spring-beans-7.0.7.jar;D:\MavenRepo\io\micrometer\micrometer-observation\1.16.5\micrometer-observation-1.16.5.jar;D:\MavenRepo\io\micrometer\micrometer-commons\1.16.5\micrometer-commons-1.16.5.jar;D:\MavenRepo\org\springframework\boot\spring-boot-webmvc\4.0.6\spring-boot-webmvc-4.0.6.jar;D:\MavenRepo\org\springframework\boot\spring-boot-servlet\4.0.6\spring-boot-servlet-4.0.6.jar;D:\MavenRepo\org\springframework\spring-webmvc\7.0.7\spring-webmvc-7.0.7.jar;D:\MavenRepo\org\springframework\spring-aop\7.0.7\spring-aop-7.0.7.jar;D:\MavenRepo\org\springframework\spring-expression\7.0.7\spring-expression-7.0.7.jar;D:\MavenRepo\org\springframework\cloud\spring-cloud-starter-netflix-eureka-server\5.0.1\spring-cloud-starter-netflix-eureka-server-5.0.1.jar;D:\MavenRepo\org\springframework\cloud\spring-cloud-starter\5.0.1\spring-cloud-starter-5.0.1.jar;D:\MavenRepo\org\springframework\cloud\spring-cloud-context\5.0.1\spring-cloud-context-5.0.1.jar;D:\MavenRepo\org\springframework\boot\spring-boot-restclient\4.0.6\spring-boot-restclient-4.0.6.jar;D:\MavenRepo\org\springframework\boot\spring-boot-http-client\4.0.6\spring-boot-http-client-4.0.6.jar;D:\MavenRepo\org\springframework\security\spring-security-crypto\7.0.5\spring-security-crypto-7.0.5.jar;D:\MavenRepo\org\springframework\cloud\spring-cloud-commons\5.0.1\spring-cloud-commons-5.0.1.jar;D:\MavenRepo\org\bouncycastle\bcprov-jdk18on\1.81\bcprov-jdk18on-1.81.jar;D:\MavenRepo\org\springframework\cloud\spring-cloud-netflix-eureka-server\5.0.1\spring-cloud-netflix-eureka-server-5.0.1.jar;D:\MavenRepo\org\springframework\boot\spring-boot-starter-web\4.0.6\spring-boot-starter-web-4.0.6.jar;D:\MavenRepo\org\springframework\boot\spring-boot-starter-actuator\4.0.6\spring-boot-starter-actuator-4.0.6.jar;D:\MavenRepo\org\springframework\boot\spring-boot-starter-micrometer-metrics\4.0.6\spring-boot-starter-micrometer-metrics-4.0.6.jar;D:\MavenRepo\org\springframework\boot\spring-boot-micrometer-metrics\4.0.6\spring-boot-micrometer-metrics-4.0.6.jar;D:\MavenRepo\org\springframework\boot\spring-boot-micrometer-observation\4.0.6\spring-boot-micrometer-observation-4.0.6.jar;D:\MavenRepo\org\springframework\boot\spring-boot-actuator-autoconfigure\4.0.6\spring-boot-actuator-autoconfigure-4.0.6.jar;D:\MavenRepo\org\springframework\boot\spring-boot-actuator\4.0.6\spring-boot-actuator-4.0.6.jar;D:\MavenRepo\org\springframework\boot\spring-boot-health\4.0.6\spring-boot-health-4.0.6.jar;D:\MavenRepo\io\micrometer\micrometer-jakarta9\1.16.5\micrometer-jakarta9-1.16.5.jar;D:\MavenRepo\io\micrometer\micrometer-core\1.16.5\micrometer-core-1.16.5.jar;D:\MavenRepo\org\hdrhistogram\HdrHistogram\2.2.2\HdrHistogram-2.2.2.jar;D:\MavenRepo\org\latencyutils\LatencyUtils\2.0.3\LatencyUtils-2.0.3.jar;D:\MavenRepo\org\springframework\boot\spring-boot-starter-freemarker\4.0.6\spring-boot-starter-freemarker-4.0.6.jar;D:\MavenRepo\org\springframework\boot\spring-boot-freemarker\4.0.6\spring-boot-freemarker-4.0.6.jar;D:\MavenRepo\org\freemarker\freemarker\2.3.34\freemarker-2.3.34.jar;D:\MavenRepo\org\springframework\spring-context-support\7.0.7\spring-context-support-7.0.7.jar;D:\MavenRepo\org\springframework\cloud\spring-cloud-netflix-eureka-client\5.0.1\spring-cloud-netflix-eureka-client-5.0.1.jar;D:\MavenRepo\org\springframework\boot\spring-boot-jackson2\4.0.6\spring-boot-jackson2-4.0.6.jar;D:\MavenRepo\com\fasterxml\jackson\datatype\jackson-datatype-jdk8\2.21.2\jackson-datatype-jdk8-2.21.2.jar;D:\MavenRepo\com\fasterxml\jackson\datatype\jackson-datatype-jsr310\2.21.2\jackson-datatype-jsr310-2.21.2.jar;D:\MavenRepo\com\fasterxml\jackson\module\jackson-module-parameter-names\2.21.2\jackson-module-parameter-names-2.21.2.jar;D:\MavenRepo\com\netflix\eureka\eureka-client\2.0.5\eureka-client-2.0.5.jar;D:\MavenRepo\com\thoughtworks\xstream\xstream\1.4.21\xstream-1.4.21.jar;D:\MavenRepo\io\github\x-stream\mxparser\1.2.2\mxparser-1.2.2.jar;D:\MavenRepo\xmlpull\xmlpull\1.1.3.1\xmlpull-1.1.3.1.jar;D:\MavenRepo\com\netflix\spectator\spectator-api\1.7.3\spectator-api-1.7.3.jar;D:\MavenRepo\org\apache\httpcomponents\httpclient\4.5.3\httpclient-4.5.3.jar;D:\MavenRepo\org\apache\httpcomponents\httpcore\4.4.16\httpcore-4.4.16.jar;D:\MavenRepo\commons-codec\commons-codec\1.19.0\commons-codec-1.19.0.jar;D:\MavenRepo\commons-configuration\commons-configuration\1.10\commons-configuration-1.10.jar;D:\MavenRepo\commons-lang\commons-lang\2.6\commons-lang-2.6.jar;D:\MavenRepo\com\netflix\netflix-commons\netflix-eventbus\0.3.0\netflix-eventbus-0.3.0.jar;D:\MavenRepo\com\netflix\netflix-commons\netflix-infix\0.3.0\netflix-infix-0.3.0.jar;D:\MavenRepo\commons-jxpath\commons-jxpath\1.3\commons-jxpath-1.3.jar;D:\MavenRepo\joda-time\joda-time\2.3\joda-time-2.3.jar;D:\MavenRepo\org\antlr\antlr-runtime\3.4\antlr-runtime-3.4.jar;D:\MavenRepo\org\antlr\stringtemplate\3.2.1\stringtemplate-3.2.1.jar;D:\MavenRepo\antlr\antlr\2.7.7\antlr-2.7.7.jar;D:\MavenRepo\com\google\code\gson\gson\2.13.2\gson-2.13.2.jar;D:\MavenRepo\com\netflix\servo\servo-core\0.5.3\servo-core-0.5.3.jar;D:\MavenRepo\org\apache\commons\commons-math\2.2\commons-math-2.2.jar;D:\MavenRepo\javax\annotation\javax.annotation-api\1.2\javax.annotation-api-1.2.jar;D:\MavenRepo\org\codehaus\jettison\jettison\1.5.4\jettison-1.5.4.jar;D:\MavenRepo\org\apache\httpcomponents\client5\httpclient5\5.5.2\httpclient5-5.5.2.jar;D:\MavenRepo\org\apache\httpcomponents\core5\httpcore5\5.3.6\httpcore5-5.3.6.jar;D:\MavenRepo\org\apache\httpcomponents\core5\httpcore5-h2\5.3.6\httpcore5-h2-5.3.6.jar;D:\MavenRepo\com\netflix\eureka\eureka-client-jersey3\2.0.5\eureka-client-jersey3-2.0.5.jar;D:\MavenRepo\org\glassfish\jersey\connectors\jersey-apache-connector\3.0.5\jersey-apache-connector-3.0.5.jar;D:\MavenRepo\com\netflix\eureka\eureka-core-jersey3\2.0.5\eureka-core-jersey3-2.0.5.jar;D:\MavenRepo\com\netflix\eureka\eureka-core\2.0.5\eureka-core-2.0.5.jar;D:\MavenRepo\com\google\guava\guava\33.0.0-jre\guava-33.0.0-jre.jar;D:\MavenRepo\com\google\guava\failureaccess\1.0.2\failureaccess-1.0.2.jar;D:\MavenRepo\com\google\guava\listenablefuture\9999.0-empty-to-avoid-conflict-with-guava\listenablefuture-9999.0-empty-to-avoid-conflict-with-guava.jar;D:\MavenRepo\org\checkerframework\checker-qual\3.41.0\checker-qual-3.41.0.jar;D:\MavenRepo\com\google\errorprone\error_prone_annotations\2.23.0\error_prone_annotations-2.23.0.jar;D:\MavenRepo\com\google\j2objc\j2objc-annotations\2.8\j2objc-annotations-2.8.jar;D:\MavenRepo\org\glassfish\jersey\containers\jersey-container-servlet\4.0.2\jersey-container-servlet-4.0.2.jar;D:\MavenRepo\jakarta\inject\jakarta.inject-api\2.0.1\jakarta.inject-api-2.0.1.jar;D:\MavenRepo\org\glassfish\jersey\core\jersey-common\4.0.2\jersey-common-4.0.2.jar;D:\MavenRepo\org\glassfish\hk2\osgi-resource-locator\3.0.0\osgi-resource-locator-3.0.0.jar;D:\MavenRepo\jakarta\ws\rs\jakarta.ws.rs-api\4.0.0\jakarta.ws.rs-api-4.0.0.jar;D:\MavenRepo\org\glassfish\jersey\core\jersey-server\4.0.2\jersey-server-4.0.2.jar;D:\MavenRepo\jakarta\validation\jakarta.validation-api\3.1.1\jakarta.validation-api-3.1.1.jar;D:\MavenRepo\org\glassfish\jersey\core\jersey-client\4.0.2\jersey-client-4.0.2.jar;D:\MavenRepo\org\glassfish\jersey\inject\jersey-hk2\4.0.2\jersey-hk2-4.0.2.jar;D:\MavenRepo\org\glassfish\hk2\hk2-locator\4.0.0-M3\hk2-locator-4.0.0-M3.jar;D:\MavenRepo\org\glassfish\hk2\hk2-utils\4.0.0-M3\hk2-utils-4.0.0-M3.jar;D:\MavenRepo\org\javassist\javassist\3.30.2-GA\javassist-3.30.2-GA.jar;D:\MavenRepo\jakarta\activation\jakarta.activation-api\2.1.4\jakarta.activation-api-2.1.4.jar;D:\MavenRepo\org\glassfish\hk2\spring-bridge\3.1.1\spring-bridge-3.1.1.jar;D:\MavenRepo\org\glassfish\hk2\hk2-api\3.1.1\hk2-api-3.1.1.jar;D:\MavenRepo\com\fasterxml\jackson\dataformat\jackson-dataformat-xml\2.21.2\jackson-dataformat-xml-2.21.2.jar;D:\MavenRepo\com\fasterxml\jackson\core\jackson-core\2.21.2\jackson-core-2.21.2.jar;D:\MavenRepo\com\fasterxml\jackson\core\jackson-annotations\2.21\jackson-annotations-2.21.jar;D:\MavenRepo\com\fasterxml\jackson\core\jackson-databind\2.21.2\jackson-databind-2.21.2.jar;D:\MavenRepo\org\codehaus\woodstox\stax2-api\4.2.2\stax2-api-4.2.2.jar;D:\MavenRepo\com\fasterxml\woodstox\woodstox-core\7.1.1\woodstox-core-7.1.1.jar;D:\MavenRepo\org\springframework\cloud\spring-cloud-starter-loadbalancer\5.0.1\spring-cloud-starter-loadbalancer-5.0.1.jar;D:\MavenRepo\org\springframework\cloud\spring-cloud-loadbalancer\5.0.1\spring-cloud-loadbalancer-5.0.1.jar;D:\MavenRepo\io\projectreactor\reactor-core\3.8.5\reactor-core-3.8.5.jar;D:\MavenRepo\org\reactivestreams\reactive-streams\1.0.4\reactive-streams-1.0.4.jar;D:\MavenRepo\io\projectreactor\addons\reactor-extra\3.6.0\reactor-extra-3.6.0.jar;D:\MavenRepo\org\springframework\boot\spring-boot-starter-cache\4.0.6\spring-boot-starter-cache-4.0.6.jar;D:\MavenRepo\org\springframework\boot\spring-boot-cache\4.0.6\spring-boot-cache-4.0.6.jar;D:\MavenRepo\com\stoyanr\evictor\1.0.0\evictor-1.0.0.jar;D:\MavenRepo\org\glassfish\jaxb\jaxb-runtime\4.0.6\jaxb-runtime-4.0.6.jar;D:\MavenRepo\org\glassfish\jaxb\jaxb-core\4.0.6\jaxb-core-4.0.6.jar;D:\MavenRepo\org\eclipse\angus\angus-activation\2.0.3\angus-activation-2.0.3.jar;D:\MavenRepo\org\glassfish\jaxb\txw2\4.0.6\txw2-4.0.6.jar;D:\MavenRepo\com\sun\istack\istack-commons-runtime\4.1.2\istack-commons-runtime-4.1.2.jar;D:\MavenRepo\org\slf4j\slf4j-api\2.0.17\slf4j-api-2.0.17.jar;D:\MavenRepo\jakarta\xml\bind\jakarta.xml.bind-api\4.0.4\jakarta.xml.bind-api-4.0.4.jar;D:\MavenRepo\org\springframework\spring-core\7.0.7\spring-core-7.0.7.jar;D:\MavenRepo\commons-logging\commons-logging\1.3.6\commons-logging-1.3.6.jar;D:\MavenRepo\org\jspecify\jspecify\1.0.0\jspecify-1.0.0.jar;D:\MavenRepo\org\springframework\boot\spring-boot-web-server\4.0.6\spring-boot-web-server-4.0.6.jar
Launcher Type: SUN_STANDARD

[Global flags]
     intx CICompilerCount                          = 4                                         {product} {ergonomic}
     uint ConcGCThreads                            = 2                                         {product} {ergonomic}
     uint G1ConcRefinementThreads                  = 8                                         {product} {ergonomic}
   size_t G1HeapRegionSize                         = 1048576                                   {product} {ergonomic}
    uintx GCDrainStackTargetSize                   = 64                                        {product} {ergonomic}
   size_t InitialHeapSize                          = 132120576                                 {product} {ergonomic}
   size_t MarkStackSize                            = 4194304                                   {product} {ergonomic}
   size_t MaxHeapSize                              = 2107637760                                {product} {ergonomic}
   size_t MaxNewSize                               = 1264582656                                {product} {ergonomic}
   size_t MinHeapDeltaBytes                        = 1048576                                   {product} {ergonomic}
   size_t MinHeapSize                              = 8388608                                   {product} {ergonomic}
    uintx NonNMethodCodeHeapSize                   = 5839372                                {pd product} {ergonomic}
    uintx NonProfiledCodeHeapSize                  = 122909434                              {pd product} {ergonomic}
    uintx ProfiledCodeHeapSize                     = 122909434                              {pd product} {ergonomic}
    uintx ReservedCodeCacheSize                    = 251658240                              {pd product} {ergonomic}
     bool SegmentedCodeCache                       = true                                      {product} {ergonomic}
   size_t SoftMaxHeapSize                          = 2107637760                             {manageable} {ergonomic}
     bool UseCompressedOops                        = true                           {product lp64_product} {ergonomic}
     bool UseG1GC                                  = true                                      {product} {ergonomic}
     bool UseLargePagesIndividualAllocation        = false                                  {pd product} {ergonomic}

Logging:
Log output configuration:
 #0: stdout all=warning uptime,level,tags foldmultilines=false
 #1: stderr all=off uptime,level,tags foldmultilines=false

Environment Variables:
JAVA_HOME=C:\Program Files\Java\jdk-17
PATH=D:\NodeJs\;C:\Users\PC\AppData\Local\Microsoft\WindowsApps;C:\Users\PC\AppData\Local\Programs\Microsoft VS Code\bin;C:\apache-maven-3.9.11\bin;C:\Program Files\Java\jdk-17\bin;C:\Program Files\PostgreSQL\18\bin;C:\Windows\System32;C:\Users\PC\AppData\Roaming\npm
USERNAME=PC
OS=Windows_NT
PROCESSOR_IDENTIFIER=Intel64 Family 6 Model 142 Stepping 10, GenuineIntel
TMP=C:\Users\PC\AppData\Local\Temp
TEMP=C:\Users\PC\AppData\Local\Temp




Periodic native trim disabled

---------------  S Y S T E M  ---------------

OS:
 Windows 10 , 64 bit Build 19041 (10.0.19041.7181)
OS uptime: 1 days 6:00 hours

CPU: total 8 (initial active 8) (4 cores per cpu, 2 threads per core) family 6 model 142 stepping 10 microcode 0xf6, cx8, cmov, fxsr, ht, mmx, 3dnowpref, sse, sse2, sse3, ssse3, sse4.1, sse4.2, popcnt, lzcnt, tsc, tscinvbit, avx, avx2, aes, erms, clmul, bmi1, bmi2, adx, fma, vzeroupper, clflush, clflushopt, rdtscp, f16c
Processor Information for processor 0
  Max Mhz: 1800, Current Mhz: 1600, Mhz Limit: 1584
Processor Information for processor 1
  Max Mhz: 1800, Current Mhz: 1600, Mhz Limit: 1584
Processor Information for processor 2
  Max Mhz: 1800, Current Mhz: 1600, Mhz Limit: 1584
Processor Information for processor 3
  Max Mhz: 1800, Current Mhz: 1600, Mhz Limit: 1584
Processor Information for processor 4
  Max Mhz: 1800, Current Mhz: 1600, Mhz Limit: 1584
Processor Information for processor 5
  Max Mhz: 1800, Current Mhz: 1600, Mhz Limit: 1584
Processor Information for processor 6
  Max Mhz: 1800, Current Mhz: 1600, Mhz Limit: 1584
Processor Information for processor 7
  Max Mhz: 1800, Current Mhz: 1400, Mhz Limit: 1584

Memory: 4k page, system-wide physical 8035M (481M free)
TotalPageFile size 18182M (AvailPageFile size 0M)
current process WorkingSet (physical memory assigned to process): 109M, peak: 262M
current process commit charge ("private bytes"): 294M, peak: 307M

vm_info: Java HotSpot(TM) 64-Bit Server VM (21.0.7+8-LTS-245) for windows-amd64 JRE (21.0.7+8-LTS-245), built on 2025-02-21T05:11:27Z by "mach5one" with MS VC++ 17.6 (VS2022)

END.
